Sp  Age     0     1     2  Tot sp      0     1     2  T.Sit 0       0     1     2  T.Sit 1  Disp.Med.  Cant.Disp.
 0    0  2900  1600  5000    9500   1474   781  2503    4758     1426   819  2497    4742              0           0
 0    1  6690  1466  4654   12810   3472   730  2339    6541     3218   736  2315    6269             19        1161
 0    2  5699  1336  4308   11343   3153   674  2180    6007     2546   662  2128    5336             20        2549
 0    3  3023  3044  4011   10078   1762  1735  2040    5537     1261  1309  1971    4541              0           0
 0    4  6854  2784  3717   13355   3694  1592  1898    7184     3160  1192  1819    6171              0           0
 0    5  7502  2545  3463   13510   4104  1462  1760    7326     3398  1083  1703    6184             20        2677
 0    6  4407  4288  3207   11902   2395  2709  1634    6738     2012  1579  1573    5164             19        2914
 0    7  3764  3087  3827   10678   2202  2048  1987    6237     1562  1039  1840    4441              0           0
 0    8  7018  2813  3559   13390   3832  1880  1855    7567     3186   933  1704    5823              0           0
 0    9  5624  4485  3305   13414   2903  3001  1727    7631     2721  1484  1578    5783             20        2694
 0   10  4044  4878  3042   11964   2193  3269  1570    7032     1851  1609  1472    4932             18        2386
 0   11  3421  3583  3719   10723   1999  2475  2014    6488     1422  1108  1705    4235              0           0
 0   12  6794  3291  3423   13508   3734  2285  1866    7885     3060  1006  1557    5623              0           0
 0   13  5563  4738  3198   13499   2965  3209  1751    7925     2598  1529  1447    5574             19        2738
 0   14  3974  4037  3933   11944   2193  2694  2322    7209     1781  1343  1611    4735             18        2387
 0   15  3382  3729  3629   10740   2004  2499  2146    6649     1378  1230  1483    4091              0           0
 0   16  6876  3455  3341   13672   3778  2325  1986    8089     3098  1130  1355    5583              0           0
 0   17  5591  3931  4077   13599   2928  2663  2503    8094     2663  1268  1574    5505             19        2682
 0   18  4036  3901  4173   12110   2182  2629  2611    7422     1854  1272  1562    4688             20        2251
 0   19  3460  3600  3873   10933   2020  2447  2439    6906     1440  1153  1434    4027              0           0
 0   20  6798  3337  3603   13738   3785  2286  2269    8340     3013  1051  1334    5398              0           0
 0   21  5529  3971  4301   13801   2891  2717  2738    8346     2638  1254  1563    5455             20        2736
 0   22  4075  3953  4364   12392   2187  2694  2797    7678     1888  1259  1567    4714             19        2323
 0   23  3457  3679  4045   11181   2005  2523  2608    7136     1452  1156  1437    4045              0           0
 0   24  6669  3387  3751   13807   3639  2330  2403    8372     3030  1057  1348    5435              0           0
 0   25  5360  4003  4395   13758   2758  2707  2901    8366     2602  1296  1494    5392             20        2668
 0   26  3885  3997  4426   12308   2106  2679  2931    7716     1779  1318  1495    4592             19        2277
 0   27  3309  3676  4099   11084   1924  2488  2727    7139     1385  1188  1372    3945              0           0
 0   28  6802  3382  3812   13996   3653  2296  2548    8497     3149  1086  1264    5499              0           0
 0   29  5491  3861  4487   13839   2888  2569  3024    8481     2603  1292  1463    5358             19        2681
 0   30  3995  3856  3980   11831   2211  2547  2780    7538     1784  1309  1200    4293             19        2240
 0   31  3418  3554  3682   10654   2020  2358  2572    6950     1398  1196  1110    3704              0           0
 0   32  6579  3270  3441   13290   3693  2180  2405    8278     2886  1090  1036    5012              0           0
 0   33  5265  3848  4163   13276   2806  2527  2908    8241     2459  1321  1255    5035             20        2610
 0   34  3815  3868  4185   11868   2097  2563  2907    7567     1718  1305  1278    4301             21        2230
 0   35  3265  3558  3900   10723   1939  2370  2717    7026     1326  1188  1183    3697              0           0
 0   36  6582  3291  3649   13522   3674  2196  2547    8417     2908  1095  1102    5105              0           0
 0   37  5326  3822  4275   13423   2860  2579  2958    8397     2466  1243  1317    5026             20        2672
 0   38  3931  3773  4331   12035   2186  2571  2977    7734     1745  1202  1354    4301             21        2178
 0   39  3346  3469  4042   10857   2018  2357  2779    7154     1328  1112  1263    3703              0           0
 0   40  6542  3195  3694   13431   3668  2185  2564    8417     2874  1010  1130    5014              0           0
 0   41  5235  3764  4342   13341   2825  2596  2994    8415     2410  1168  1348    4926             18        2648
 0   42  3781  3814  4378   11973   2130  2613  3024    7767     1651  1201  1354    4206             20        2209
 0   43  3228  3490  4056   10774   1957  2397  2812    7166     1271  1093  1244    3608              0           0
 0   44  6382  3202  3701   13285   3617  2207  2583    8407     2765   995  1118    4878              0           0
 0   45  5252  3784  4279   13315   2827  2571  2993    8391     2425  1213  1286    4924             19        2567
 0   46  3820  3817  4278   11915   2117  2589  2988    7694     1703  1228  1290    4221             20        2176
 0   47  3261  3507  3890   10658   1943  2392  2716    7051     1318  1115  1174    3607              0           0
 0   48  6556  3249  3626   13431   3627  2218  2544    8389     2929  1031  1082    5042              0           0
 0   49  5260  3744  4280   13284   2820  2527  3015    8362     2440  1217  1265    4922             20        2547
 0   50  3792  3734  4211   11737   2132  2519  2966    7617     1660  1215  1245    4120             20        2126
 0   51  3217  3449  3898   10564   1950  2334  2746    7030     1267  1115  1152    3534              0           0
 0   52  6446  3145  3609   13200   3684  2145  2555    8384     2762  1000  1054    4816              0           0
 0   53  5351  3677  4236   13264   2885  2515  2969    8369     2466  1162  1267    4895             20        2574
 0   54  3928  3706  4204   11838   2199  2524  2944    7667     1729  1182  1260    4171             20        2199
 0   55  3364  3403  3882   10649   2026  2329  2716    7071     1338  1074  1166    3578              0           0
 0   56  6552  3127  3593   13272   3691  2146  2517    8354     2861   981  1076    4918              0           0
 0   57  5276  3806  4148   13230   2851  2638  2911    8400     2425  1168  1237    4830             19        2621
 0   58  3798  3780  4141   11719   2115  2640  2904    7659     1683  1140  1237    4060             19        2142
 0   59  3229  3484  3822   10535   1929  2444  2688    7061     1300  1040  1134    3474              0           0
 0   60  6491  3243  3566   13300   3666  2301  2504    8471     2825   942  1062    4829              0           0
 0   61  5277  3796  4175   13248   2881  2627  2941    8449     2396  1169  1234    4799             20        2547
 0   62  3855  3730  4155   11740   2189  2588  2930    7707     1666  1142  1225    4033             19        2215
 0   63  3282  3455  3836   10573   1990  2405  2717    7112     1292  1050  1119    3461              0           0
 0   64  6401  3187  3573   13161   3697  2228  2533    8458     2704   959  1040    4703              0           0
 0   65  5150  3750  4190   13090   2832  2592  3003    8427     2318  1158  1187    4663             19        2574
 0   66  3719  3766  4171   11656   2156  2583  2986    7725     1563  1183  1185    3931             20        2160
 0   67  3207  3478  3840   10525   1982  2387  2761    7130     1225  1091  1079    3395              0           0
 0   68  6436  3205  3573   13214   3620  2197  2577    8394     2816  1008   996    4820              0           0
 0   69  5247  3719  4211   13177   2861  2586  3021    8468     2386  1133  1190    4709             19        2568
 0   70  3807  3770  4105   11682   2141  2586  2942    7669     1666  1184  1163    4013             19        2194
 0   71  3243  3450  3790   10483   1963  2390  2729    7082     1280  1060  1061    3401              0           0
 0   72  6432  3164  3529   13125   3595  2202  2544    8341     2837   962   985    4784              0           0
 0   73  5306  3679  4210   13195   2825  2497  3020    8342     2481  1182  1190    4853             21        2537
 0   74  3780  3695  4137   11612   2114  2531  2963    7608     1666  1164  1174    4004             20        2154
 0   75  3167  3411  3815   10393   1924  2340  2736    7000     1243  1071  1079    3393              0           0
 0   76  6459  3153  3550   13162   3654  2173  2553    8380     2805   980   997    4782              0           0
 0   77  5337  3667  4144   13148   2991  2517  2972    8480     2346  1150  1172    4668             20        2552
 0   78  3903  3722  4103   11728   2277  2565  2937    7779     1626  1157  1166    3949             20        2243
 0   79  3339  3435  3808   10582   2076  2361  2731    7168     1263  1074  1077    3414              0           0
 0   80  6417  3169  3583   13169   3687  2187  2570    8444     2730   982  1013    4725              0           0
 0   81  5165  3782  4190   13137   2842  2604  2981    8427     2323  1178  1209    4710             21        2601
 0   82  3785  3801  4122   11708   2112  2629  2930    7671     1673  1172  1192    4037             19        2180
 0   83  3253  3504  3791   10548   1960  2452  2689    7101     1293  1052  1102    3447              0           0
 0   84  6350  3236  3529   13115   3639  2274  2501    8414     2711   962  1028    4701              0           0
 0   85  5132  3799  4118   13049   2852  2627  2947    8426     2280  1172  1171    4623             21        2543
 0   86  3752  3805  4078   11635   2145  2604  2899    7648     1607  1201  1179    3987             19        2132
 0   87  3226  3497  3744   10467   1967  2405  2658    7030     1259  1092  1086    3437              0           0
 0   88  6370  3246  3499   13115   3623  2237  2494    8354     2747  1009  1005    4761              0           0
 0   89  5190  3765  4163   13118   2789  2605  2957    8351     2401  1160  1206    4767             20        2493
 0   90  3817  3717  4143   11677   2151  2551  2946    7648     1666  1166  1197    4029             20        2175
 0   91  3242  3448  3835   10525   1988  2389  2747    7124     1254  1059  1088    3401              0           0
 0   92  6437  3183  3579   13199   3597  2215  2570    8382     2840   968  1009    4817              0           0
 0   93  5280  3678  4212   13170   2845  2561  3001    8407     2435  1117  1211    4763             21        2570
 0   94  3848  3733  4186   11767   2127  2571  2982    7680     1721  1162  1204    4087             20        2192
 0   95  3273  3434  3868   10575   1936  2379  2749    7064     1337  1055  1119    3511              0           0
 0   96  6467  3165  3586   13218   3640  2199  2557    8396     2827   966  1029    4822              0           0
 0   97  5305  3720  4233   13258   2868  2533  3022    8423     2437  1187  1211    4835             19        2509
 0   98  3845  3811  4137   11793   2177  2586  2933    7696     1668  1225  1204    4097             21        2263
 0   99  3313  3498  3821   10632   2003  2373  2696    7072     1310  1125  1125    3560              0           0
 0  100  6512  3235  3570   13317   3669  2192  2537    8398     2843  1043  1033    4919              0           0
 0  101  5289  3792  4211   13292   2842  2592  2980    8414     2447  1200  1231    4878             20        2657
 0  102  3823  3777  4157   11757   2146  2564  2920    7630     1677  1213  1237    4127             21        2248
 0  103  3239  3476  3846   10561   1961  2360  2700    7021     1278  1116  1146    3540              0           0
 0  104  6508  3200  3604   13312   3655  2189  2535    8379     2853  1011  1069    4933              0           0
 0  105  5343  3795  4214   13352   2914  2602  2936    8452     2429  1193  1278    4900             18        2526
 0  106  3859  3809  4176   11844   2176  2617  2903    7696     1683  1192  1273    4148             19        2223
 0  107  3258  3503  3853   10614   1985  2425  2680    7090     1273  1078  1173    3524              0           0
 0  108  6454  3239  3564   13257   3651  2252  2481    8384     2803   987  1083    4873              0           0
 0  109  5331  3754  4222   13307   2905  2570  2957    8432     2426  1184  1265    4875             20        2544
 0  110  3848  3798  4187   11833   2154  2599  2918    7671     1694  1199  1269    4162             20        2173
 0  111  3293  3478  3891   10662   1982  2385  2713    7080     1311  1093  1178    3582              0           0
 0  112  6537  3167  3630   13334   3665  2192  2547    8404     2872   975  1083    4930              0           0
 0  113  5379  3732  4254   13365   2833  2565  2975    8373     2546  1167  1279    4992             20        2617
 0  114  3902  3759  4200   11861   2162  2567  2947    7676     1740  1192  1253    4185             19        2309
 0  115  3293  3488  3887   10668   1983  2400  2719    7102     1310  1088  1168    3566              0           0
 0  116  6422  3213  3630   13265   3641  2239  2543    8423     2781   974  1087    4842              0           0
 0  117  5237  3845  4235   13317   2777  2649  2968    8394     2460  1196  1267    4923             20        2650
 0  118  3791  3802  4211   11804   2111  2590  2952    7653     1680  1212  1259    4151             20        2197
 0  119  3231  3502  3913   10646   1928  2381  2744    7053     1303  1121  1169    3593              0           0
 0  120  6506  3220  3640   13366   3613  2208  2561    8382     2893  1012  1079    4984              0           0
 0  121  5280  3759  4193   13232   2810  2557  2963    8330     2470  1202  1230    4902             19        2578
 0  122  3835  3729  4137   11701   2179  2516  2929    7624     1656  1213  1208    4077             19        2236
 0  123  3243  3420  3819   10482   1992  2316  2712    7020     1251  1104  1107    3462              0           0
 0  124  6459  3168  3562   13189   3682  2145  2531    8358     2777  1023  1031    4831              0           0
 0  125  5296  3725  4213   13234   2885  2518  3000    8403     2411  1207  1213    4831             19        2581
 0  126  3863  3765  4172   11800   2157  2575  2948    7680     1706  1190  1224    4120             19        2229
 0  127  3293  3477  3832   10602   1981  2395  2712    7088     1312  1082  1120    3514              0           0
 0  128  6392  3184  3555   13131   3604  2198  2514    8316     2788   986  1041    4815              0           0
 0  129  5203  3754  4182   13139   2823  2577  2944    8344     2380  1177  1238    4795             19        2539
 0  130  3805  3766  4126   11697   2141  2579  2909    7629     1664  1187  1217    4068             21        2137
 0  131  3209  3474  3843   10526   1954  2398  2715    7067     1255  1076  1128    3459              0           0
 0  132  6529  3200  3563   13292   3674  2223  2528    8425     2855   977  1035    4867              0           0
 0  133  5369  3729  4191   13289   2891  2552  2978    8421     2478  1177  1213    4868             19        2596
 0  134  3883  3779  4116   11778   2164  2570  2928    7662     1719  1209  1188    4116             20        2229
 0  135  3313  3467  3759   10539   1988  2363  2678    7029     1325  1104  1081    3510              0           0
 0  136  6490  3202  3484   13176   3727  2206  2496    8429     2763   996   988    4747              0           0
 0  137  5219  3829  4123   13171   2820  2659  2930    8409     2399  1170  1193    4762             20        2600
 0  138  3806  3807  4089   11702   2164  2621  2899    7684     1642  1186  1190    4018             19        2173
 0  139  3235  3478  3783   10496   1970  2405  2688    7063     1265  1073  1095    3433              0           0
 0  140  6345  3185  3509   13039   3669  2211  2501    8381     2676   974  1008    4658              0           0
 0  141  5134  3759  4134   13027   2837  2610  2949    8396     2297  1149  1185    4631             19        2514
 0  142  3776  3711  4076   11563   2189  2542  2894    7625     1587  1169  1182    3938             19        2159
 0  143  3229  3406  3758   10393   2005  2341  2663    7009     1224  1065  1095    3384              0           0
 0  144  6513  3144  3505   13162   3688  2187  2502    8377     2825   957  1003    4785              0           0
 0  145  5299  3693  4107   13099   2895  2557  2955    8407     2404  1136  1152    4692             19        2606
 0  146  3821  3745  4017   11583   2159  2608  2879    7646     1662  1137  1138    3937             17        2258
 0  147  3288  3447  3694   10429   1979  2408  2644    7031     1309  1039  1050    3398              0           0
 0  148  6313  3167  3433   12913   3587  2209  2470    8266     2726   958   963    4647              0           0
 0  149  5090  3722  4060   12872   2804  2557  2909    8270     2286  1165  1151    4602             19        2411
 0  150  3670  3782  4005   11457   2111  2581  2870    7562     1559  1201  1135    3895             20        2126
 0  151  3162  3473  3668   10303   1961  2383  2624    6968     1201  1090  1044    3335              0           0
 0  152  6465  3209  3415   13089   3662  2202  2451    8315     2803  1007   964    4774              0           0
 0  153  5370  3658  4059   13087   2959  2512  2924    8395     2411  1146  1135    4692             20        2598
 0  154  3912  3690  4044   11646   2227  2533  2902    7662     1685  1157  1142    3984             20        2271
 0  155  3329  3393  3741   10463   2026  2339  2694    7059     1303  1054  1047    3404              0           0
 0  156  6419  3116  3473   13008   3655  2173  2509    8337     2764   943   964    4671              0           0
 0  157  5186  3732  4101   13019   2843  2601  2940    8384     2343  1131  1161    4635             20        2552
 0  158  3720  3771  4065   11556   2126  2627  2913    7666     1594  1144  1152    3890             19        2205
 0  159  3190  3454  3734   10378   1954  2418  2678    7050     1236  1036  1056    3328              0           0
 0  160  6396  3194  3480   13070   3676  2248  2508    8432     2720   946   972    4638              0           0
 0  161  5156  3795  4058   13009   2811  2634  2941    8386     2345  1161  1117    4623             22        2563
 0  162  3737  3778  4091   11606   2144  2588  2954    7686     1593  1190  1137    3920             19        2146
 0  163  3213  3475  3762   10450   1980  2392  2718    7090     1233  1083  1044    3360              0           0
 0  164  6426  3180  3520   13126   3669  2194  2549    8412     2757   986   971    4714              0           0
 0  165  5202  3765  4125   13092   2813  2629  2943    8385     2389  1136  1182    4707             19        2618
 0  166  3813  3768  4111   11692   2122  2592  2944    7658     1691  1176  1167    4034             20        2266
 0  167  3209  3505  3805   10519   1932  2419  2726    7077     1277  1086  1079    3442              0           0
 0  168  6372  3241  3525   13138   3587  2244  2537    8368     2785   997   988    4770              0           0
 0  169  5231  3762  4162   13155   2853  2566  2987    8406     2378  1196  1175    4749             19        2579
 0  170  3826  3782  4132   11740   2152  2565  2957    7674     1674  1217  1175    4066             19        2187
 0  171  3246  3463  3837   10546   1979  2346  2746    7071     1267  1117  1091    3475              0           0
 0  172  6437  3211  3554   13202   3641  2189  2561    8391     2796  1022   993    4811              0           0
 0  173  5338  3721  4201   13260   2873  2530  3024    8427     2465  1191  1177    4833             21        2575
 0  174  3875  3737  4195   11807   2173  2535  2999    7707     1702  1202  1196    4100             19        2269
 0  175  3321  3441  3875   10637   1993  2340  2778    7111     1328  1101  1097    3526              0           0
 0  176  6483  3199  3620   13302   3664  2179  2598    8441     2819  1020  1022    4861              0           0
 0  177  5275  3823  4214   13312   2902  2557  3018    8477     2373  1266  1196    4835             20        2576
 0  178  3849  3829  4160   11838   2221  2549  2964    7734     1628  1280  1196    4104             21        2243
 0  179  3316  3489  3853   10658   2046  2342  2755    7143     1270  1147  1098    3515              0           0
 0  180  6400  3235  3552   13187   3726  2182  2554    8462     2674  1053   998    4725              0           0
 0  181  5246  3779  4131   13156   2888  2612  2941    8441     2358  1167  1190    4715             20        2553
 0  182  3772  3784  4106   11662   2137  2613  2903    7653     1635  1171  1203    4009             20        2185
 0  183  3204  3509  3803   10516   1952  2432  2695    7079     1252  1077  1108    3437              0           0
 0  184  6350  3233  3532   13115   3639  2262  2512    8413     2711   971  1020    4702              0           0
 0  185  5201  3720  4185   13106   2874  2588  2957    8419     2327  1132  1228    4687             19        2606
 0  186  3775  3758  4109   11642   2141  2608  2886    7635     1634  1150  1223    4007             21        2177
 0  187  3227  3441  3812   10480   1978  2401  2685    7064     1249  1040  1127    3416              0           0
 0  188  6467  3160  3556   13183   3678  2221  2498    8397     2789   939  1058    4786              0           0
 0  189  5244  3725  4181   13150   2852  2581  2963    8396     2392  1144  1218    4754             20        2614
 0  190  3813  3684  4173   11670   2143  2545  2982    7670     1670  1139  1191    4000             19        2148
 0  191  3235  3406  3873   10514   1976  2376  2775    7127     1259  1030  1098    3387              0           0
 0  192  6429  3113  3590   13132   3675  2173  2575    8423     2754   940  1015    4709              0           0
 0  193  5237  3729  4209   13175   2826  2578  3011    8415     2411  1151  1198    4760             20        2616
 0  194  3803  3758  4134   11695   2146  2598  2960    7704     1657  1160  1174    3991             19        2149
 0  195  3239  3452  3812   10503   1951  2392  2730    7073     1288  1060  1082    3430              0           0
 0  196  6482  3168  3561   13211   3723  2209  2559    8491     2759   959  1002    4720              0           0
 0  197  5262  3702  4178   13142   2867  2567  3000    8434     2395  1135  1178    4708             19        2602
 0  198  3829  3717  4132   11678   2175  2572  2953    7700     1654  1145  1179    3978             19        2234
 0  199  3252  3372  3790   10414   1969  2348  2709    7026     1283  1024  1081    3388              0           0
 0  200  6353  3094  3512   12959   3627  2166  2525    8318     2726   928   987    4641              0           0
 0  201  5165  3724  4116   13005   2817  2579  2942    8338     2348  1145  1174    4667             19        2431
 0  202  3749  3708  4076   11533   2168  2531  2907    7606     1581  1177  1169    3927             19        2155
 0  203  3233  3416  3765   10414   1995  2335  2694    7024     1238  1081  1071    3390              0           0
 0  204  6446  3184  3492   13122   3699  2179  2502    8380     2747  1005   990    4742              0           0
 0  205  5325  3711  4073   13109   2887  2589  2907    8383     2438  1122  1166    4726             20        2549
 0  206  3878  3739  4079   11696   2181  2605  2889    7675     1697  1134  1190    4021             20        2197
 0  207  3298  3453  3750   10501   1998  2419  2659    7076     1300  1034  1091    3425              0           0
 0  208  6439  3203  3498   13140   3635  2265  2497    8397     2804   938  1001    4743              0           0
 0  209  5160  3735  4193   13088   2784  2581  3013    8378     2376  1154  1180    4710             20        2654
 0  210  3810  3724  4122   11656   2128  2571  2941    7640     1682  1153  1181    4016             19        2211
 0  211  3276  3433  3810   10519   1966  2385  2718    7069     1310  1048  1092    3450              0           0
 0  212  6465  3167  3542   13174   3662  2205  2531    8398     2803   962  1011    4776              0           0
 0  213  5211  3731  4165   13107   2844  2555  2987    8386     2367  1176  1178    4721             19        2578
 0  214  3783  3767  4095   11645   2150  2545  2945    7640     1633  1222  1150    4005             20        2148
 0  215  3215  3428  3767   10410   1955  2323  2724    7002     1260  1105  1043    3408              0           0
 0  216  6490  3154  3455   13099   3688  2150  2491    8329     2802  1004   964    4770              0           0
 0  217  5273  3730  4022   13025   2902  2530  2869    8301     2371  1200  1153    4724             20        2625
 0  218  3864  3771  3947   11582   2195  2537  2813    7545     1669  1234  1134    4037             19        2240
 0  219  3251  3486  3660   10397   2008  2358  2613    6979     1243  1128  1047    3418              0           0
 0  220  6464  3213  3396   13073   3705  2192  2444    8341     2759  1021   952    4732              0           0
 0  221  5163  3804  4012   12979   2865  2595  2879    8339     2298  1209  1133    4640             19        2516
 0  222  3796  3776  4021   11593   2184  2594  2879    7657     1612  1182  1142    3936             19        2168
 0  223  3240  3463  3710   10413   1989  2403  2661    7053     1251  1060  1049    3360              0           0
 0  224  6402  3177  3455   13034   3683  2204  2508    8395     2719   973   947    4639              0           0
 0  225  5208  3717  4095   13020   2933  2571  2955    8459     2275  1146  1140    4561             19        2623
 0  226  3812  3750  4028   11590   2251  2554  2910    7715     1561  1196  1118    3875             21        2205
 0  227  3224  3456  3725   10405   2049  2365  2702    7116     1175  1091  1023    3289              0           0
 0  228  6424  3180  3463   13067   3717  2185  2515    8417     2707   995   948    4650              0           0
 0  229  5240  3739  4101   13080   2857  2577  2942    8376     2383  1162  1159    4704             21        2618
 0  230  3852  3808  4044   11704   2136  2620  2910    7666     1716  1188  1134    4038             19        2262
 0  231  3300  3492  3733   10525   1966  2408  2683    7057     1334  1084  1050    3468              0           0
 0  232  6420  3207  3482   13109   3617  2230  2510    8357     2803   977   972    4752              0           0
 0  233  5198  3785  4133   13116   2866  2605  2968    8439     2332  1180  1165    4677             21        2600
 0  234  3802  3812  4063   11677   2184  2619  2897    7700     1618  1193  1166    3977             20        2208
 0  235  3260  3503  3745   10508   2002  2426  2682    7110     1258  1077  1063    3398              0           0
 0  236  6467  3222  3511   13200   3660  2227  2520    8407     2807   995   991    4793              0           0
 0  237  5239  3758  4186   13183   2871  2573  2986    8430     2368  1185  1200    4753             19        2644
 0  238  3826  3783  4150   11759   2185  2598  2970    7753     1641  1185  1180    4006             20        2165
 0  239  3286  3478  3808   10572   2011  2398  2734    7143     1275  1080  1074    3429              0           0
 0  240  6406  3204  3520   13130   3646  2216  2527    8389     2760   988   993    4741              0           0
 0  241  5178  3817  4102   13097   2794  2625  2946    8365     2384  1192  1156    4732             19        2537
 0  242  3766  3815  4071   11652   2138  2624  2904    7666     1628  1191  1167    3986             20        2231
 0  243  3219  3501  3768   10488   1962  2407  2700    7069     1257  1094  1068    3419              0           0
 0  244  6383  3221  3513   13117   3669  2216  2522    8407     2714  1005   991    4710              0           0
 0  245  5204  3757  4153   13114   2803  2557  2978    8338     2401  1200  1175    4776             20        2565
 0  246  3764  3779  4115   11658   2109  2555  2940    7604     1655  1224  1175    4054             20        2231
 0  247  3165  3480  3804   10449   1930  2358  2704    6992     1235  1122  1100    3457              0           0
 0  248  6495  3239  3547   13281   3715  2202  2524    8441     2780  1037  1023    4840              0           0
 0  249  5352  3709  4172   13233   2856  2572  2947    8375     2496  1137  1225    4858             19        2554
 0  250  3883  3673  4166   11722   2191  2550  2925    7666     1692  1123  1241    4056             20        2198
 0  251  3323  3378  3840   10541   2016  2354  2701    7071     1307  1024  1139    3470              0           0
 0  252  6422  3081  3546   13049   3647  2147  2505    8299     2775   934  1041    4750              0           0
 0  253  5195  3690  4126   13011   2814  2577  2903    8294     2381  1113  1223    4717             20        2484
 0  254  3759  3724  4092   11575   2140  2561  2869    7570     1619  1163  1223    4005             21        2221
 0  255  3218  3413  3759   10390   1972  2359  2632    6963     1246  1054  1127    3427              0           0
 0  256  6342  3124  3484   12950   3662  2175  2445    8282     2680   949  1039    4668              0           0
 0  257  5260  3723  4085   13068   2895  2559  2891    8345     2365  1164  1194    4723             19        2601
 0  258  3889  3740  4047   11676   2206  2566  2856    7628     1683  1174  1191    4048             20        2270
 0  259  3316  3450  3744   10510   2026  2383  2642    7051     1290  1067  1102    3459              0           0
 0  260  6574  3185  3495   13254   3737  2207  2470    8414     2837   978  1025    4840              0           0
 0  261  5343  3779  4119   13241   2874  2592  2934    8400     2469  1187  1185    4841             19        2539
 0  262  3825  3831  4046   11702   2130  2618  2865    7613     1695  1213  1181    4089             19        2282
 0  263  3228  3511  3746   10485   1944  2412  2649    7005     1284  1099  1097    3480              0           0
 0  264  6420  3238  3477   13135   3646  2234  2465    8345     2774  1004  1012    4790              0           0
 0  265  5261  3796  4102   13159   2828  2602  2899    8329     2433  1194  1203    4830             21        2607
 0  266  3823  3753  4078   11654   2163  2560  2883    7606     1660  1193  1195    4048             20        2155
 0  267  3236  3448  3758   10442   1974  2365  2672    7011     1262  1083  1086    3431              0           0
 0  268  6403  3145  3494   13042   3680  2171  2491    8342     2723   974  1003    4700              0           0
 0  269  5267  3738  4112   13117   2856  2589  2935    8380     2411  1149  1177    4737             20        2571
 0  270  3767  3754  4086   11607   2145  2600  2916    7661     1622  1154  1170    3946             19        2124
 0  271  3264  3447  3775   10486   1989  2404  2711    7104     1275  1043  1064    3382              0           0
 0  272  6445  3171  3521   13137   3704  2211  2532    8447     2741   960   989    4690              0           0
 0  273  5266  3767  4143   13176   2860  2631  2985    8476     2406  1136  1158    4700             20        2684
 0  274  3796  3775  4107   11678   2153  2616  2954    7723     1643  1159  1153    3955             20        2146
 0  275  3197  3442  3787   10426   1959  2407  2710    7076     1238  1035  1077    3350              0           0
 0  276  6337  3180  3517   13034   3673  2240  2519    8432     2664   940   998    4602              0           0
 0  277  5156  3718  4115   12989   2823  2607  2957    8387     2333  1111  1158    4602             20        2488
 0  278  3752  3696  4075   11523   2116  2587  2917    7620     1636  1109  1158    3903             21        2142
 0  279  3238  3397  3760   10395   1963  2400  2690    7053     1275   997  1070    3342              0           0
 0  280  6438  3129  3487   13054   3695  2223  2503    8421     2743   906   984    4633              0           0
 0  281  5175  3705  4108   12988   2822  2604  2977    8403     2353  1101  1131    4585             19        2519
 0  282  3765  3684  4080   11529   2135  2572  2949    7656     1630  1112  1131    3873             20        2138
 0  283  3220  3421  3766   10407   1960  2403  2740    7103     1260  1018  1026    3304              0           0
 0  284  6400  3137  3516   13053   3689  2204  2575    8468     2711   933   941    4585              0           0
 0  285  5201  3730  4113   13044   2885  2604  3008    8497     2316  1126  1105    4547             20        2564
 0  286  3782  3772  4060   11614   2172  2626  2949    7747     1610  1146  1111    3867             20        2152
 0  287  3241  3476  3740   10457   2009  2441  2721    7171     1232  1035  1019    3286              0           0
 0  288  6494  3222  3471   13187   3755  2278  2545    8578     2739   944   926    4609              0           0
 0  289  5077  3791  4094   12962   2826  2633  2991    8450     2251  1158  1103    4512             20        2534
 0  290  3719  3756  4060   11535   2159  2616  2967    7742     1560  1140  1093    3793             20        2127
 0  291  3200  3439  3734   10373   1984  2405  2745    7134     1216  1034   989    3239              0           0
 0  292  6305  3189  3483   12977   3680  2242  2560    8482     2625   947   923    4495              0           0
 0  293  5032  3760  4080   12872   2760  2644  2995    8399     2272  1116  1085    4473             19        2536
 0  294  3709  3683  4048   11440   2131  2563  2954    7648     1578  1120  1094    3792             20        2150
 0  295  3159  3383  3726   10268   1933  2366  2731    7030     1226  1017   995    3238              0           0
 0  296  6241  3092  3455   12788   3572  2178  2542    8292     2669   914   913    4496              0           0
 0  297  5006  3660  4055   12721   2786  2558  2988    8332     2220  1102  1067    4389             20        2477
 0  298  3642  3631  4044   11317   2138  2515  2978    7631     1504  1116  1066    3686             21        2117
 0  299  3107  3328  3725   10160   1956  2314  2745    7015     1151  1014   980    3145              0           0
 0  300  6320  3068  3468   12856   3729  2145  2572    8446     2591   923   896    4410              0           0
